2017-01-20 11:40:13.811  INFO 20684 --- [main] c.c.c.zkcrawlerAPI.ApplicationAPI        : Starting ApplicationAPI on DESKTOP-I5VPLTQ with PID 20684 (D:\IdeaProjects\ZKCrawler\ZKCrawler-API\target\classes started by karel in D:\IdeaProjects\ZKCrawler)
2017-01-20 11:40:13.815  INFO 20684 --- [main] c.c.c.zkcrawlerAPI.ApplicationAPI        : No active profile set, falling back to default profiles: default
2017-01-20 11:40:13.933  INFO 20684 --- [main] ationConfigEmbeddedWebApplicationContext : Refreshing org.springframework.boot.context.embedded.AnnotationConfigEmbeddedWebApplicationContext@374534db: startup date [Fri Jan 20 11:40:13 CST 2017]; root of context hierarchy
2017-01-20 11:40:15.523  INFO 20684 --- [main] f.a.AutowiredAnnotationBeanPostProcessor : JSR-330 'javax.inject.Inject' annotation found and supported for autowiring
2017-01-20 11:40:16.206  INFO 20684 --- [main] s.b.c.e.t.TomcatEmbeddedServletContainer : Tomcat initialized with port(s): 10080 (http)
2017-01-20 11:40:16.221  INFO 20684 --- [main] o.apache.catalina.core.StandardService   : Starting service Tomcat
2017-01-20 11:40:16.222  INFO 20684 --- [main] org.apache.catalina.core.StandardEngine  : Starting Servlet Engine: Apache Tomcat/8.5.4
2017-01-20 11:40:16.523  INFO 20684 --- [localhost-startStop-1] o.a.c.c.C.[Tomcat].[localhost].[/]       : Initializing Spring embedded WebApplicationContext
2017-01-20 11:40:16.524  INFO 20684 --- [localhost-startStop-1] o.s.web.context.ContextLoader            : Root WebApplicationContext: initialization completed in 2592 ms
2017-01-20 11:40:16.807  INFO 20684 --- [localhost-startStop-1] o.s.b.w.servlet.ServletRegistrationBean  : Mapping servlet: 'dispatcherServlet' to [/]
2017-01-20 11:40:16.815  INFO 20684 --- [localhost-startStop-1] o.s.b.w.servlet.FilterRegistrationBean   : Mapping filter: 'characterEncodingFilter' to: [/*]
2017-01-20 11:40:16.816  INFO 20684 --- [localhost-startStop-1] o.s.b.w.servlet.FilterRegistrationBean   : Mapping filter: 'hiddenHttpMethodFilter' to: [/*]
2017-01-20 11:40:16.816  INFO 20684 --- [localhost-startStop-1] o.s.b.w.servlet.FilterRegistrationBean   : Mapping filter: 'httpPutFormContentFilter' to: [/*]
2017-01-20 11:40:16.816  INFO 20684 --- [localhost-startStop-1] o.s.b.w.servlet.FilterRegistrationBean   : Mapping filter: 'requestContextFilter' to: [/*]
2017-01-20 11:40:17.745  INFO 20684 --- [main] s.w.s.m.m.a.RequestMappingHandlerAdapter : Looking for @ControllerAdvice: org.springframework.boot.context.embedded.AnnotationConfigEmbeddedWebApplicationContext@374534db: startup date [Fri Jan 20 11:40:13 CST 2017]; root of context hierarchy
2017-01-20 11:40:17.927  INFO 20684 --- [main] s.w.s.m.m.a.RequestMappingHandlerMapping : Mapped "{[/api/getHbaseData],methods=[POST]}" onto public java.lang.String cn.com.cloudpioneer.zkcrawlerAPI.controller.APIController.getHbaseData(java.lang.String,java.lang.String,java.lang.String)
2017-01-20 11:40:17.930  INFO 20684 --- [main] s.w.s.m.m.a.RequestMappingHandlerMapping : Mapped "{[/api/greeting]}" onto public java.lang.String cn.com.cloudpioneer.zkcrawlerAPI.controller.APIController.greeting(java.lang.String,org.springframework.ui.Model)
2017-01-20 11:40:17.930  INFO 20684 --- [main] s.w.s.m.m.a.RequestMappingHandlerMapping : Mapped "{[/api/testPostJSON],methods=[POST]}" onto public java.lang.String cn.com.cloudpioneer.zkcrawlerAPI.controller.APIController.testPostJSON(java.lang.String)
2017-01-20 11:40:17.930  INFO 20684 --- [main] s.w.s.m.m.a.RequestMappingHandlerMapping : Mapped "{[/api/batchHbaseDataGeter],methods=[POST]}" onto public java.lang.String cn.com.cloudpioneer.zkcrawlerAPI.controller.APIController.ddpBatchDataGet(java.lang.String,int)
2017-01-20 11:40:17.934  INFO 20684 --- [main] s.w.s.m.m.a.RequestMappingHandlerMapping : Mapped "{[/error]}" onto public org.springframework.http.ResponseEntity<java.util.Map<java.lang.String, java.lang.Object>> org.springframework.boot.autoconfigure.web.BasicErrorController.error(javax.servlet.http.HttpServletRequest)
2017-01-20 11:40:17.934  INFO 20684 --- [main] s.w.s.m.m.a.RequestMappingHandlerMapping : Mapped "{[/error],produces=[text/html]}" onto public org.springframework.web.servlet.ModelAndView org.springframework.boot.autoconfigure.web.BasicErrorController.errorHtml(javax.servlet.http.HttpServletRequest,javax.servlet.http.HttpServletResponse)
2017-01-20 11:40:18.056  INFO 20684 --- [main] o.s.w.s.handler.SimpleUrlHandlerMapping  : Mapped URL path [/webjars/**] onto handler of type [class org.springframework.web.servlet.resource.ResourceHttpRequestHandler]
2017-01-20 11:40:18.057  INFO 20684 --- [main] o.s.w.s.handler.SimpleUrlHandlerMapping  : Mapped URL path [/**] onto handler of type [class org.springframework.web.servlet.resource.ResourceHttpRequestHandler]
2017-01-20 11:40:18.107  INFO 20684 --- [main] .m.m.a.ExceptionHandlerExceptionResolver : Detected @ExceptionHandler methods in exceptionReaper
2017-01-20 11:40:18.208  INFO 20684 --- [main] o.s.w.s.handler.SimpleUrlHandlerMapping  : Mapped URL path [/**/favicon.ico] onto handler of type [class org.springframework.web.servlet.resource.ResourceHttpRequestHandler]
2017-01-20 11:40:18.954  INFO 20684 --- [main] o.s.j.e.a.AnnotationMBeanExporter        : Registering beans for JMX exposure on startup
2017-01-20 11:40:19.082  INFO 20684 --- [main] s.b.c.e.t.TomcatEmbeddedServletContainer : Tomcat started on port(s): 10080 (http)
2017-01-20 11:40:19.086  INFO 20684 --- [main] c.c.c.zkcrawlerAPI.ApplicationAPI        : Started ApplicationAPI in 6.382 seconds (JVM running for 8.448)
